[GIN-debug] [WARNING] Running in "debug" mode. Switch to "release" mode in production.
 - using env:	export GIN_MODE=release
 - using code:	gin.SetMode(gin.ReleaseMode)

[GIN-debug] GET    /healthz                  --> main.main.func1 (4 handlers)
[GIN-debug] POST   /api/v1/auth/register/client --> photostudio/internal/modules/auth.(*Handler).RegisterClient-fm (4 handlers)
[GIN-debug] POST   /api/v1/auth/register/studio --> photostudio/internal/modules/auth.(*Handler).RegisterStudioOwner-fm (4 handlers)
[GIN-debug] POST   /api/v1/auth/login        --> photostudio/internal/modules/auth.(*Handler).Login-fm (4 handlers)
[GIN-debug] GET    /api/v1/studios           --> photostudio/internal/modules/catalog.(*Handler).GetStudios-fm (4 handlers)
[GIN-debug] GET    /api/v1/studios/:id       --> photostudio/internal/modules/catalog.(*Handler).GetStudioByID-fm (4 handlers)
[GIN-debug] GET    /api/v1/studios/:id/working-hours --> photostudio/internal/modules/catalog.(*Handler).GetStudioWorkingHours-fm (4 handlers)
[GIN-debug] GET    /api/v1/studios/:id/working-hours/v2 --> photostudio/internal/modules/catalog.(*Handler).GetStudioWorkingHoursV2-fm (4 handlers)
[GIN-debug] GET    /api/v1/room-types        --> photostudio/internal/modules/catalog.(*Handler).GetRoomTypes-fm (4 handlers)
[GIN-debug] GET    /api/v1/studios/:id/reviews --> photostudio/internal/modules/review.(*Handler).GetByStudio-fm (4 handlers)
[GIN-debug] GET    /api/v1/users/me          --> photostudio/internal/modules/auth.(*Handler).GetMe-fm (5 handlers)
[GIN-debug] PUT    /api/v1/users/me          --> photostudio/internal/modules/auth.(*Handler).UpdateProfile-fm (5 handlers)
[GIN-debug] POST   /api/v1/users/verification/documents --> photostudio/internal/modules/auth.(*Handler).UploadVerificationDocuments-fm (5 handlers)
[GIN-debug] POST   /api/v1/bookings          --> photostudio/internal/modules/booking.(*Handler).CreateBooking-fm (5 handlers)
[GIN-debug] GET    /api/v1/rooms/:id/availability --> photostudio/internal/modules/booking.(*Handler).GetRoomAvailability-fm (5 handlers)
[GIN-debug] GET    /api/v1/rooms/:id/busy-slots --> photostudio/internal/modules/booking.(*Handler).GetBusySlots-fm (5 handlers)
[GIN-debug] GET    /api/v1/users/me/bookings --> photostudio/internal/modules/booking.(*Handler).GetMyBookings-fm (5 handlers)
[GIN-debug] PATCH  /api/v1/bookings/:id/status --> photostudio/internal/modules/booking.(*Handler).UpdateBookingStatus-fm (5 handlers)
[GIN-debug] PATCH  /api/v1/bookings/:id/confirm --> photostudio/internal/modules/booking.(*Handler).ConfirmBooking-fm (5 handlers)
[GIN-debug] PATCH  /api/v1/bookings/:id/cancel --> photostudio/internal/modules/booking.(*Handler).CancelBooking-fm (5 handlers)
[GIN-debug] PATCH  /api/v1/bookings/:id/complete --> photostudio/internal/modules/booking.(*Handler).CompleteBooking-fm (5 handlers)
[GIN-debug] PATCH  /api/v1/bookings/:id/mark-paid --> photostudio/internal/modules/booking.(*Handler).MarkBookingPaid-fm (5 handlers)
[GIN-debug] PATCH  /api/v1/bookings/:id/deposit --> photostudio/internal/modules/booking.(*Handler).UpdateDeposit-fm (5 handlers)
[GIN-debug] POST   /api/v1/reviews           --> photostudio/internal/modules/review.(*Handler).Create-fm (5 handlers)
[GIN-debug] POST   /api/v1/reviews/:id/response --> photostudio/internal/modules/review.(*Handler).AddOwnerResponse-fm (5 handlers)
[GIN-debug] GET    /api/v1/notifications     --> photostudio/internal/modules/notification.(*Handler).GetNotifications-fm (5 handlers)
[GIN-debug] PATCH  /api/v1/notifications/:id/read --> photostudio/internal/modules/notification.(*Handler).MarkAsRead-fm (5 handlers)
[GIN-debug] PATCH  /api/v1/notifications/read-all --> photostudio/internal/modules/notification.(*Handler).MarkAllAsRead-fm (5 handlers)
[GIN-debug] POST   /api/v1/chat/conversations --> photostudio/internal/modules/chat.(*Handler).CreateConversation-fm (5 handlers)
[GIN-debug] GET    /api/v1/chat/conversations --> photostudio/internal/modules/chat.(*Handler).ListConversations-fm (5 handlers)
[GIN-debug] GET    /api/v1/chat/conversations/:id/messages --> photostudio/internal/modules/chat.(*Handler).GetMessages-fm (5 handlers)
[GIN-debug] POST   /api/v1/chat/conversations/:id/messages --> photostudio/internal/modules/chat.(*Handler).SendMessage-fm (5 handlers)
[GIN-debug] POST   /api/v1/chat/conversations/:id/messages/upload --> photostudio/internal/modules/chat.(*Handler).UploadImage-fm (5 handlers)
[GIN-debug] POST   /api/v1/chat/conversations/:id/read --> photostudio/internal/modules/chat.(*Handler).MarkAsRead-fm (5 handlers)
[GIN-debug] POST   /api/v1/chat/users/:id/block --> photostudio/internal/modules/chat.(*Handler).BlockUser-fm (5 handlers)
[GIN-debug] DELETE /api/v1/chat/users/:id/block --> photostudio/internal/modules/chat.(*Handler).UnblockUser-fm (5 handlers)
[GIN-debug] GET    /api/v1/favorites         --> photostudio/internal/modules/favorite.(*Handler).GetFavorites-fm (5 handlers)
[GIN-debug] POST   /api/v1/favorites/:studioId --> photostudio/internal/modules/favorite.(*Handler).AddFavorite-fm (5 handlers)
[GIN-debug] DELETE /api/v1/favorites/:studioId --> photostudio/internal/modules/favorite.(*Handler).RemoveFavorite-fm (5 handlers)
[GIN-debug] GET    /api/v1/favorites/:studioId/check --> photostudio/internal/modules/favorite.(*Handler).CheckFavorite-fm (5 handlers)
[GIN-debug] POST   /api/v1/studios           --> photostudio/internal/modules/catalog.(*Handler).CreateStudio-fm (5 handlers)
[GIN-debug] PUT    /api/v1/studios/:id       --> photostudio/internal/modules/catalog.(*Handler).UpdateStudio-fm (6 handlers)
[GIN-debug] POST   /api/v1/studios/:id/rooms --> photostudio/internal/modules/catalog.(*Handler).CreateRoom-fm (6 handlers)
[GIN-debug] POST   /api/v1/studios/:id/photos --> photostudio/internal/modules/catalog.(*Handler).UploadStudioPhotos-fm (6 handlers)
[GIN-debug] GET    /api/v1/studios/:id/bookings --> photostudio/internal/modules/booking.(*Handler).GetStudioBookings-fm (6 handlers)
[GIN-debug] GET    /api/v1/admin/studios/pending --> photostudio/internal/modules/admin.(*Handler).GetPendingStudios-fm (6 handlers)
[GIN-debug] POST   /api/v1/admin/studios/:id/approve --> photostudio/internal/modules/admin.(*Handler).ApproveStudio-fm (6 handlers)
[GIN-debug] POST   /api/v1/admin/studios/:id/reject --> photostudio/internal/modules/admin.(*Handler).RejectStudio-fm (6 handlers)
[GIN-debug] GET    /api/v1/admin/stats       --> photostudio/internal/modules/admin.(*Handler).GetStats-fm (6 handlers)
[GIN-debug] GET    /api/v1/admin/users       --> photostudio/internal/modules/admin.(*Handler).GetUsers-fm (6 handlers)
[GIN-debug] PATCH  /api/v1/admin/users/:id/ban --> photostudio/internal/modules/admin.(*Handler).BanUser-fm (6 handlers)
[GIN-debug] PATCH  /api/v1/admin/users/:id/unban --> photostudio/internal/modules/admin.(*Handler).UnbanUser-fm (6 handlers)
[GIN-debug] GET    /api/v1/admin/reviews     --> photostudio/internal/modules/admin.(*Handler).GetReviews-fm (6 handlers)
[GIN-debug] POST   /api/v1/admin/reviews/:id/hide --> photostudio/internal/modules/admin.(*Handler).HideReview-fm (6 handlers)
[GIN-debug] POST   /api/v1/admin/reviews/:id/show --> photostudio/internal/modules/admin.(*Handler).ShowReview-fm (6 handlers)
[GIN-debug] POST   /api/v1/admin/studios/:id/verify --> photostudio/internal/modules/admin.(*Handler).ApproveStudio-fm (6 handlers)
[GIN-debug] GET    /api/v1/admin/statistics  --> photostudio/internal/modules/admin.(*Handler).GetStats-fm (6 handlers)
[GIN-debug] POST   /api/v1/admin/users/:id/block --> photostudio/internal/modules/admin.(*Handler).BanUser-fm (6 handlers)
[GIN-debug] POST   /api/v1/admin/users/:id/unblock --> photostudio/internal/modules/admin.(*Handler).UnbanUser-fm (6 handlers)
[GIN-debug] GET    /api/v1/admin/analytics   --> photostudio/internal/modules/admin.(*Handler).GetPlatformAnalytics-fm (6 handlers)
[GIN-debug] PATCH  /api/v1/admin/studios/:id/vip --> photostudio/internal/modules/admin.(*Handler).SetStudioVIP-fm (6 handlers)
[GIN-debug] PATCH  /api/v1/admin/studios/:id/gold --> photostudio/internal/modules/admin.(*Handler).SetStudioGold-fm (6 handlers)
[GIN-debug] PATCH  /api/v1/admin/studios/:id/promo --> photostudio/internal/modules/admin.(*Handler).SetStudioPromo-fm (6 handlers)
[GIN-debug] GET    /api/v1/admin/ads         --> photostudio/internal/modules/admin.(*Handler).GetAds-fm (6 handlers)
[GIN-debug] POST   /api/v1/admin/ads         --> photostudio/internal/modules/admin.(*Handler).CreateAd-fm (6 handlers)
[GIN-debug] PATCH  /api/v1/admin/ads/:id     --> photostudio/internal/modules/admin.(*Handler).UpdateAd-fm (6 handlers)
[GIN-debug] DELETE /api/v1/admin/ads/:id     --> photostudio/internal/modules/admin.(*Handler).DeleteAd-fm (6 handlers)
[GIN-debug] PATCH  /api/v1/admin/reviews/:id/hide --> photostudio/internal/modules/admin.(*Handler).HideReview-fm (6 handlers)
[GIN-debug] DELETE /api/v1/admin/reviews/:id --> photostudio/internal/modules/admin.(*Handler).DeleteReview-fm (6 handlers)
[GIN-debug] GET    /api/v1/studios/my        --> photostudio/internal/modules/catalog.(*Handler).GetMyStudios-fm (6 handlers)
[GIN-debug] POST   /api/v1/owner/set-pin     --> photostudio/internal/modules/owner.(*Handler).SetPIN-fm (6 handlers)
[GIN-debug] POST   /api/v1/owner/verify-pin  --> photostudio/internal/modules/owner.(*Handler).VerifyPIN-fm (6 handlers)
[GIN-debug] GET    /api/v1/owner/has-pin     --> photostudio/internal/modules/owner.(*Handler).HasPIN-fm (6 handlers)
[GIN-debug] GET    /api/v1/owner/procurement --> photostudio/internal/modules/owner.(*Handler).GetProcurement-fm (6 handlers)
[GIN-debug] POST   /api/v1/owner/procurement --> photostudio/internal/modules/owner.(*Handler).CreateProcurement-fm (6 handlers)
[GIN-debug] PATCH  /api/v1/owner/procurement/:id --> photostudio/internal/modules/owner.(*Handler).UpdateProcurement-fm (6 handlers)
[GIN-debug] DELETE /api/v1/owner/procurement/:id --> photostudio/internal/modules/owner.(*Handler).DeleteProcurement-fm (6 handlers)
[GIN-debug] GET    /api/v1/owner/maintenance --> photostudio/internal/modules/owner.(*Handler).GetMaintenance-fm (6 handlers)
[GIN-debug] POST   /api/v1/owner/maintenance --> photostudio/internal/modules/owner.(*Handler).CreateMaintenance-fm (6 handlers)
[GIN-debug] PATCH  /api/v1/owner/maintenance/:id --> photostudio/internal/modules/owner.(*Handler).UpdateMaintenance-fm (6 handlers)
[GIN-debug] DELETE /api/v1/owner/maintenance/:id --> photostudio/internal/modules/owner.(*Handler).DeleteMaintenance-fm (6 handlers)
[GIN-debug] GET    /api/v1/owner/analytics   --> photostudio/internal/modules/owner.(*Handler).GetAnalytics-fm (6 handlers)
[GIN-debug] GET    /api/v1/company/profile   --> photostudio/internal/modules/owner.(*Handler).GetCompanyProfile-fm (6 handlers)
[GIN-debug] PUT    /api/v1/company/profile   --> photostudio/internal/modules/owner.(*Handler).UpdateCompanyProfile-fm (6 handlers)
[GIN-debug] GET    /api/v1/company/portfolio --> photostudio/internal/modules/owner.(*Handler).GetPortfolio-fm (6 handlers)
[GIN-debug] POST   /api/v1/company/portfolio --> photostudio/internal/modules/owner.(*Handler).AddPortfolioProject-fm (6 handlers)
[GIN-debug] DELETE /api/v1/company/portfolio/:id --> photostudio/internal/modules/owner.(*Handler).DeletePortfolioProject-fm (6 handlers)
[GIN-debug] PUT    /api/v1/company/portfolio/reorder --> photostudio/internal/modules/owner.(*Handler).ReorderPortfolio-fm (6 handlers)
[GIN-debug] GET    /api/v1/manager/bookings  --> photostudio/internal/modules/manager.(*Handler).GetBookings-fm (6 handlers)
[GIN-debug] GET    /api/v1/manager/bookings/:id --> photostudio/internal/modules/manager.(*Handler).GetBooking-fm (6 handlers)
[GIN-debug] PATCH  /api/v1/manager/bookings/:id/deposit --> photostudio/internal/modules/manager.(*Handler).UpdateDeposit-fm (6 handlers)
[GIN-debug] PATCH  /api/v1/manager/bookings/:id/status --> photostudio/internal/modules/manager.(*Handler).UpdateBookingStatus-fm (6 handlers)
[GIN-debug] GET    /api/v1/manager/clients   --> photostudio/internal/modules/manager.(*Handler).GetClients-fm (6 handlers)
[GIN-debug] POST   /api/v1/rooms/:id/equipment --> photostudio/internal/modules/catalog.(*Handler).AddEquipment-fm (6 handlers)
[GIN-debug] GET    /api/v1/rooms             --> photostudio/internal/modules/catalog.(*Handler).GetRooms-fm (5 handlers)
[GIN-debug] GET    /api/v1/rooms/:id         --> photostudio/internal/modules/catalog.(*Handler).GetRoomByID-fm (5 handlers)
[GIN-debug] PUT    /api/v1/rooms/:id         --> photostudio/internal/modules/catalog.(*Handler).UpdateRoom-fm (6 handlers)
[GIN-debug] DELETE /api/v1/rooms/:id         --> photostudio/internal/modules/catalog.(*Handler).DeleteRoom-fm (6 handlers)
[GIN-debug] GET    /ws/chat                  --> photostudio/internal/modules/chat.(*WSHandler).HandleWebSocket-fm (4 handlers)
[GIN-debug] POST   /internal/mwork/users/sync --> photostudio/internal/modules/mwork.(*Handler).SyncUser-fm (5 handlers)
[GIN-debug] POST   /internal/mwork/bookings  --> photostudio/internal/modules/booking.(*Handler).CreateBooking-fm (6 handlers)
[GIN-debug] GET    /internal/mwork/bookings  --> photostudio/internal/modules/booking.(*Handler).GetMyBookings-fm (6 handlers)
[GIN-debug] GET    /internal/mwork/studios   --> photostudio/internal/modules/catalog.(*Handler).GetStudios-fm (6 handlers)
[GIN-debug] GET    /internal/mwork/studios/:id --> photostudio/internal/modules/catalog.(*Handler).GetStudioByID-fm (6 handlers)
[GIN-debug] GET    /internal/mwork/rooms/:id/availability --> photostudio/internal/modules/booking.(*Handler).GetRoomAvailability-fm (6 handlers)
[GIN-debug] GET    /internal/mwork/rooms/:id/busy-slots --> photostudio/internal/modules/booking.(*Handler).GetBusySlots-fm (6 handlers)
[GIN-debug] GET    /static/*filepath         --> github.com/gin-gonic/gin.(*RouterGroup).createStaticHandler.func1 (4 handlers)
[GIN-debug] HEAD   /static/*filepath         --> github.com/gin-gonic/gin.(*RouterGroup).createStaticHandler.func1 (4 handlers)
[GIN-debug] [WARNING] You trusted all proxies, this is NOT safe. We recommend you to set a value.
Please check https://pkg.go.dev/github.com/gin-gonic/gin#readme-don-t-trust-all-proxies for details.
[GIN-debug] Listening and serving HTTP on :8090
